{
  "RSpec": {
    "coverage": {
      "/Users/stephenrichards/moj/ruby_masterclass_oyster_card/masterclass_03/config/environment.rb": [
        null,
        1,
        null,
        null,
        1
      ],
      "/Users/stephenrichards/moj/ruby_masterclass_oyster_card/masterclass_03/config/application.rb": [
        1,
        null,
        1,
        null,
        1,
        1,
        1,
        1,
        1,
        1,
        1,
        1,
        1,
        null,
        null,
        null,
        null,
        1,
        null,
        1,
        1,
        null,
        1,
        null,
        null,
        null,
        null,
        null,
        null,
        null,
        1,
        null,
        null
      ],
      "/Users/stephenrichards/moj/ruby_masterclass_oyster_card/masterclass_03/config/boot.rb": [
        1,
        null,
        1,
        1
      ],
      "/Users/stephenrichards/moj/ruby_masterclass_oyster_card/masterclass_03/config/environments/test.rb": [
        1,
        null,
        null,
        null,
        null,
        null,
        null,
        1,
        null,
        null,
        null,
        null,
        1,
        null,
        null,
        1,
        1,
        null,
        null,
        null,
        null,
        1,
        1,
        null,
        null,
        1,
        null,
        null,
        1,
        null,
        null,
        1,
        null,
        1,
        null,
        null,
        null,
        null,
        1,
        null,
        null,
        1,
        null,
        null,
        null,
        null
      ],
      "/Users/stephenrichards/moj/ruby_masterclass_oyster_card/masterclass_03/config/initializers/application_controller_renderer.rb": [
        null,
        null,
        null,
        null,
        null,
        null,
        null,
        null
      ],
      "/Users/stephenrichards/moj/ruby_masterclass_oyster_card/masterclass_03/config/initializers/assets.rb": [
        null,
        null,
        null,
        1,
        null,
        null,
        null,
        null,
        1,
        null,
        null,
        null,
        null,
        null
      ],
      "/Users/stephenrichards/moj/ruby_masterclass_oyster_card/masterclass_03/config/initializers/backtrace_silencers.rb": [
        null,
        null,
        null,
        null,
        null,
        null,
        null
      ],
      "/Users/stephenrichards/moj/ruby_masterclass_oyster_card/masterclass_03/config/initializers/content_security_policy.rb": [
        null,
        null,
        null,
        null,
        null,
        null,
        null,
        null,
        null,
        null,
        null,
        null,
        null,
        null,
        null,
        null,
        null,
        null,
        null,
        null,
        null,
        null,
        null,
        null,
        null
      ],
      "/Users/stephenrichards/moj/ruby_masterclass_oyster_card/masterclass_03/config/initializers/cookies_serializer.rb": [
        null,
        null,
        null,
        null,
        1
      ],
      "/Users/stephenrichards/moj/ruby_masterclass_oyster_card/masterclass_03/config/initializers/filter_parameter_logging.rb": [
        null,
        null,
        null,
        1
      ],
      "/Users/stephenrichards/moj/ruby_masterclass_oyster_card/masterclass_03/config/initializers/inflections.rb": [
        null,
        null,
        null,
        null,
        null,
        null,
        null,
        null,
        null,
        null,
        null,
        null,
        null,
        null,
        null,
        null
      ],
      "/Users/stephenrichards/moj/ruby_masterclass_oyster_card/masterclass_03/config/initializers/mime_types.rb": [
        null,
        null,
        null,
        null
      ],
      "/Users/stephenrichards/moj/ruby_masterclass_oyster_card/masterclass_03/config/initializers/wrap_parameters.rb": [
        null,
        null,
        null,
        null,
        null,
        null,
        1,
        2,
        null,
        null,
        null,
        null,
        null,
        null
      ],
      "/Users/stephenrichards/moj/ruby_masterclass_oyster_card/masterclass_03/spec/factories/oyster_cards.rb": [
        null,
        null,
        null,
        null,
        null,
        null,
        null,
        null,
        null,
        null,
        null,
        1,
        null,
        1,
        1,
        2,
        null,
        1,
        3,
        null,
        null,
        null
      ],
      "/Users/stephenrichards/moj/ruby_masterclass_oyster_card/masterclass_03/spec/factories/users.rb": [
        null,
        null,
        null,
        null,
        null,
        null,
        null,
        null,
        null,
        null,
        null,
        1,
        null,
        1,
        1,
        4,
        null,
        1,
        1,
        null,
        null,
        null,
        null
      ],
      "/Users/stephenrichards/moj/ruby_masterclass_oyster_card/masterclass_03/config/routes.rb": [
        1,
        1,
        1,
        null,
        null
      ],
      "/Users/stephenrichards/moj/ruby_masterclass_oyster_card/masterclass_03/app/helpers/application_helper.rb": [
        1,
        null
      ],
      "/Users/stephenrichards/moj/ruby_masterclass_oyster_card/masterclass_03/app/helpers/oyster_cards_helper.rb": [
        1,
        null
      ],
      "/Users/stephenrichards/moj/ruby_masterclass_oyster_card/masterclass_03/app/controllers/oyster_cards_controller.rb": [
        1,
        1,
        4,
        null,
        null,
        1,
        null,
        null
      ],
      "/Users/stephenrichards/moj/ruby_masterclass_oyster_card/masterclass_03/app/controllers/application_controller.rb": [
        1,
        null
      ],
      "/Users/stephenrichards/moj/ruby_masterclass_oyster_card/masterclass_03/spec/models/oyster_card_spec.rb": [
        null,
        null,
        null,
        null,
        null,
        null,
        null,
        null,
        null,
        null,
        null,
        1,
        null,
        1,
        null,
        1,
        1,
        1,
        1,
        null,
        1,
        null,
        null,
        null
      ],
      "/Users/stephenrichards/moj/ruby_masterclass_oyster_card/masterclass_03/app/models/oyster_card.rb": [
        1,
        null,
        1,
        null,
        null,
        null,
        null
      ],
      "/Users/stephenrichards/moj/ruby_masterclass_oyster_card/masterclass_03/app/models/application_record.rb": [
        1,
        1,
        null
      ],
      "/Users/stephenrichards/moj/ruby_masterclass_oyster_card/masterclass_03/spec/models/user_spec.rb": [
        null,
        null,
        null,
        null,
        null,
        null,
        null,
        null,
        null,
        null,
        null,
        1,
        null,
        null,
        1,
        null,
        1,
        1,
        1,
        1,
        1,
        null,
        null,
        1,
        1,
        1,
        null,
        null,
        null
      ],
      "/Users/stephenrichards/moj/ruby_masterclass_oyster_card/masterclass_03/app/models/user.rb": [
        1,
        null,
        1,
        null,
        null
      ],
      "/Users/stephenrichards/moj/ruby_masterclass_oyster_card/masterclass_03/spec/services/thing_spec.rb": [
        1,
        null,
        1,
        null,
        null,
        null,
        1,
        2,
        3,
        2,
        3,
        null,
        null,
        1,
        1,
        1,
        null,
        null,
        null,
        null,
        1,
        1,
        1,
        null,
        null,
        null,
        null,
        1,
        1,
        1,
        1,
        null,
        null,
        null,
        null,
        null,
        1,
        3,
        3,
        3,
        null,
        1,
        1,
        1,
        null,
        null,
        1,
        1,
        1,
        1,
        null,
        null,
        null,
        null,
        1,
        2,
        2,
        null,
        1,
        1,
        1,
        null,
        null,
        null
      ],
      "/Users/stephenrichards/moj/ruby_masterclass_oyster_card/masterclass_03/app/services/thing.rb": [
        1,
        null,
        1,
        5,
        null,
        null,
        1,
        4,
        null,
        null,
        1,
        null,
        1,
        5,
        3,
        null,
        2,
        null,
        null,
        null,
        null
      ]
    },
    "timestamp": 1540986842
  }
}
